android/app/build/intermediates/manifest_merge_blame_file/debug/processDebugMainManifest/manifest-merger-blame-debug-report.txt
1<?xml version="1.0" encoding="utf-8"?>
2<manifest xmlns:android="http://schemas.android.com/apk/res/android"
3    package="com.week2reactnativetranvanan21110120"
4    android:versionCode="1"
5    android:versionName="1.0" >
6
7    <uses-sdk
8        android:minSdkVersion="23"
9        android:targetSdkVersion="34" />
10
11    <uses-permission android:name="android.permission.INTERNET" />
11-->src/main/AndroidManifest.xml:3:5-67
11-->src/main/AndroidManifest.xml:3:22-64
12    <!--
13    This manifest file is used only by Gradle to configure debug-only capabilities
14    for React Native Apps.
15    -->
16    <uses-permission android:name="android.permission.SYSTEM_ALERT_WINDOW" />
16-->[com.facebook.react:react-android:0.75.2] AndroidManifest.xml:16:5-78
16-->[com.facebook.react:react-android:0.75.2] AndroidManifest.xml:16:22-75
17
18    <permission
18-->[androidx.core:core:1.9.0] AndroidManifest.xml:22:5-24:47
19        android:name="com.week2reactnativetranvanan21110120.DYNAMIC_RECEIVER_NOT_EXPORTED_PERMISSION"
19-->[androidx.core:core:1.9.0] AndroidManifest.xml:23:9-81
20        android:protectionLevel="signature" />
20-->[androidx.core:core:1.9.0] AndroidManifest.xml:24:9-44
21
22    <uses-permission android:name="com.week2reactnativetranvanan21110120.DYNAMIC_RECEIVER_NOT_EXPORTED_PERMISSION" />
22-->[androidx.core:core:1.9.0] AndroidManifest.xml:26:5-97
22-->[androidx.core:core:1.9.0] AndroidManifest.xml:26:22-94
23
24    <application
24-->src/main/AndroidManifest.xml:5:5-25:19
25        android:name="com.week2reactnativetranvanan21110120.MainApplication"
25-->src/main/AndroidManifest.xml:6:7-38
26        android:allowBackup="false"
26-->src/main/AndroidManifest.xml:10:7-34
27        android:appComponentFactory="androidx.core.app.CoreComponentFactory"
27-->[androidx.core:core:1.9.0] AndroidManifest.xml:28:18-86
28        android:debuggable="true"
29        android:extractNativeLibs="false"
30        android:icon="@mipmap/ic_launcher"
30-->src/main/AndroidManifest.xml:8:7-41
31        android:label="@string/app_name"
31-->src/main/AndroidManifest.xml:7:7-39
32        android:roundIcon="@mipmap/ic_launcher_round"
32-->src/main/AndroidManifest.xml:9:7-52
33        android:supportsRtl="true"
33-->src/main/AndroidManifest.xml:12:7-33
34        android:theme="@style/AppTheme"
34-->src/main/AndroidManifest.xml:11:7-38
35        android:usesCleartextTraffic="true" >
35-->src/debug/AndroidManifest.xml:6:9-44
36        <activity
36-->src/main/AndroidManifest.xml:13:7-24:18
37            android:name="com.week2reactnativetranvanan21110120.MainActivity"
37-->src/main/AndroidManifest.xml:14:9-37
38            android:configChanges="keyboard|keyboardHidden|orientation|screenLayout|screenSize|smallestScreenSize|uiMode"
38-->src/main/AndroidManifest.xml:16:9-118
39            android:exported="true"
39-->src/main/AndroidManifest.xml:19:9-32
40            android:label="@string/app_name"
40-->src/main/AndroidManifest.xml:15:9-41
41            android:launchMode="singleTask"
41-->src/main/AndroidManifest.xml:17:9-40
42            android:windowSoftInputMode="adjustResize" >
42-->src/main/AndroidManifest.xml:18:9-51
43            <intent-filter>
43-->src/main/AndroidManifest.xml:20:9-23:25
44                <action android:name="android.intent.action.MAIN" />
44-->src/main/AndroidManifest.xml:21:13-65
44-->src/main/AndroidManifest.xml:21:21-62
45
46                <category android:name="android.intent.category.LAUNCHER" />
46-->src/main/AndroidManifest.xml:22:13-73
46-->src/main/AndroidManifest.xml:22:23-70
47            </intent-filter>
48        </activity>
49        <activity
49-->[com.facebook.react:react-android:0.75.2] AndroidManifest.xml:19:9-21:40
50            android:name="com.facebook.react.devsupport.DevSettingsActivity"
50-->[com.facebook.react:react-android:0.75.2] AndroidManifest.xml:20:13-77
51            android:exported="false" />
51-->[com.facebook.react:react-android:0.75.2] AndroidManifest.xml:21:13-37
52
53        <provider
53-->[androidx.emoji2:emoji2:1.2.0] AndroidManifest.xml:24:9-32:20
54            android:name="androidx.startup.InitializationProvider"
54-->[androidx.emoji2:emoji2:1.2.0] AndroidManifest.xml:25:13-67
55            android:authorities="com.week2reactnativetranvanan21110120.androidx-startup"
55-->[androidx.emoji2:emoji2:1.2.0] AndroidManifest.xml:26:13-68
56            android:exported="false" >
56-->[androidx.emoji2:emoji2:1.2.0] AndroidManifest.xml:27:13-37
57            <meta-data
57-->[androidx.emoji2:emoji2:1.2.0] AndroidManifest.xml:29:13-31:52
58                android:name="androidx.emoji2.text.EmojiCompatInitializer"
58-->[androidx.emoji2:emoji2:1.2.0] AndroidManifest.xml:30:17-75
59                android:value="androidx.startup" />
59-->[androidx.emoji2:emoji2:1.2.0] AndroidManifest.xml:31:17-49
60            <meta-data
60-->[androidx.lifecycle:lifecycle-process:2.4.1] AndroidManifest.xml:31:13-33:52
61                android:name="androidx.lifecycle.ProcessLifecycleInitializer"
61-->[androidx.lifecycle:lifecycle-process:2.4.1] AndroidManifest.xml:32:17-78
62                android:value="androidx.startup" />
62-->[androidx.lifecycle:lifecycle-process:2.4.1] AndroidManifest.xml:33:17-49
63        </provider>
64
65        <meta-data
65-->[com.facebook.soloader:soloader:0.11.0] AndroidManifest.xml:12:9-14:37
66            android:name="com.facebook.soloader.enabled"
66-->[com.facebook.soloader:soloader:0.11.0] AndroidManifest.xml:13:13-57
67            android:value="false" />
67-->[com.facebook.soloader:soloader:0.11.0] AndroidManifest.xml:14:13-34
68    </application>
69
70</manifest>